[debug] [2025-01-06T05:05:08.501Z] ----------------------------------------------------------------------
[debug] [2025-01-06T05:05:08.504Z] Command:       /nix/store/if6aqyl3sl0hz14a12mndj35swb1mcwi-nodejs-20.17.0/bin/node /nix/store/wg0myk7djggj0f2327nkpm9r2w8q6lp8-firebase-tools-13.27.0/lib/node_modules/firebase-tools/lib/bin/firebase.js deploy
[debug] [2025-01-06T05:05:08.504Z] CLI Version:   13.27.0
[debug] [2025-01-06T05:05:08.504Z] Platform:      linux
[debug] [2025-01-06T05:05:08.504Z] Node Version:  v20.17.0
[debug] [2025-01-06T05:05:08.505Z] Time:          Mon Jan 06 2025 05:05:08 GMT+0000 (Coordinated Universal Time)
[debug] [2025-01-06T05:05:08.505Z] ----------------------------------------------------------------------
[debug] 
[debug] [2025-01-06T05:05:08.607Z] > command requires scopes: ["email","openid","https://www.googleapis.com/auth/cloudplatformprojects.readonly","https://www.googleapis.com/auth/firebase","https://www.googleapis.com/auth/cloud-platform"]
[debug] [2025-01-06T05:05:08.608Z] > authorizing via signed-in user (mikedenum1988@gmail.com)
[debug] [2025-01-06T05:05:08.608Z] [iam] checking project michael-denum for permissions ["firebase.projects.get","firebasehosting.sites.update"]
[debug] [2025-01-06T05:05:08.610Z] No OAuth tokens found
[debug] [2025-01-06T05:05:08.610Z] No OAuth tokens found
[debug] [2025-01-06T05:05:08.610Z] > command requires scopes: ["email","openid","https://www.googleapis.com/auth/cloudplatformprojects.readonly","https://www.googleapis.com/auth/firebase","https://www.googleapis.com/auth/cloud-platform"]
[debug] [2025-01-06T05:05:08.611Z] > authorizing via signed-in user (mikedenum1988@gmail.com)
[debug] [2025-01-06T05:05:08.612Z] >>> [apiv2][query] POST https://cloudresourcemanager.googleapis.com/v1/projects/michael-denum:testIamPermissions [none]
[debug] [2025-01-06T05:05:08.612Z] >>> [apiv2][(partial)header] POST https://cloudresourcemanager.googleapis.com/v1/projects/michael-denum:testIamPermissions x-goog-quota-user=projects/michael-denum
[debug] [2025-01-06T05:05:08.612Z] >>> [apiv2][body] POST https://cloudresourcemanager.googleapis.com/v1/projects/michael-denum:testIamPermissions {"permissions":["firebase.projects.get","firebasehosting.sites.update"]}
[debug] [2025-01-06T05:05:09.555Z] <<< [apiv2][status] POST https://cloudresourcemanager.googleapis.com/v1/projects/michael-denum:testIamPermissions 401
[debug] [2025-01-06T05:05:09.556Z] <<< [apiv2][body] POST https://cloudresourcemanager.googleapis.com/v1/projects/michael-denum:testIamPermissions {"error":{"code":401,"message":"Request had invalid authentication credentials. Expected OAuth 2 access token, login cookie or other valid authentication credential. See https://developers.google.com/identity/sign-in/web/devconsole-project.","status":"UNAUTHENTICATED","details":[{"@type":"type.googleapis.com/google.rpc.ErrorInfo","reason":"ACCESS_TOKEN_TYPE_UNSUPPORTED","metadata":{"method":"google.cloudresourcemanager.v1.Projects.TestIamPermissions","service":"cloudresourcemanager.googleapis.com"}}]}}
[debug] [2025-01-06T05:05:09.556Z] Got a 401 Unauthenticated error for a call that required authentication. Refreshing tokens.
[debug] [2025-01-06T05:05:09.556Z] No OAuth tokens found
[debug] [2025-01-06T05:05:09.556Z] No OAuth tokens found
[debug] [2025-01-06T05:05:09.556Z] > command requires scopes: ["email","openid","https://www.googleapis.com/auth/cloudplatformprojects.readonly","https://www.googleapis.com/auth/firebase","https://www.googleapis.com/auth/cloud-platform"]
[debug] [2025-01-06T05:05:09.557Z] > authorizing via signed-in user (mikedenum1988@gmail.com)
[debug] [2025-01-06T05:05:09.558Z] [iam] error while checking permissions, command may fail: Request to https://cloudresourcemanager.googleapis.com/v1/projects/michael-denum:testIamPermissions had HTTP Error: 401, Request had invalid authentication credentials. Expected OAuth 2 access token, login cookie or other valid authentication credential. See https://developers.google.com/identity/sign-in/web/devconsole-project.
[debug] [2025-01-06T05:05:09.559Z] No OAuth tokens found
[debug] [2025-01-06T05:05:09.560Z] >>> [apiv2][query] GET https://firebase.googleapis.com/v1beta1/projects/michael-denum [none]
[debug] [2025-01-06T05:05:09.586Z] <<< [apiv2][status] GET https://firebase.googleapis.com/v1beta1/projects/michael-denum 401
[debug] [2025-01-06T05:05:09.587Z] <<< [apiv2][body] GET https://firebase.googleapis.com/v1beta1/projects/michael-denum {"error":{"code":401,"message":"Request had invalid authentication credentials. Expected OAuth 2 access token, login cookie or other valid authentication credential. See https://developers.google.com/identity/sign-in/web/devconsole-project.","status":"UNAUTHENTICATED"}}
[debug] [2025-01-06T05:05:09.587Z] Got a 401 Unauthenticated error for a call that required authentication. Refreshing tokens.
[debug] [2025-01-06T05:05:09.587Z] No OAuth tokens found
[debug] [2025-01-06T05:05:09.587Z] No OAuth tokens found
[debug] [2025-01-06T05:05:09.587Z] > command requires scopes: ["email","openid","https://www.googleapis.com/auth/cloudplatformprojects.readonly","https://www.googleapis.com/auth/firebase","https://www.googleapis.com/auth/cloud-platform"]
[debug] [2025-01-06T05:05:09.588Z] > authorizing via signed-in user (mikedenum1988@gmail.com)
[debug] [2025-01-06T05:05:09.588Z] Request to https://firebase.googleapis.com/v1beta1/projects/michael-denum had HTTP Error: 401, Request had invalid authentication credentials. Expected OAuth 2 access token, login cookie or other valid authentication credential. See https://developers.google.com/identity/sign-in/web/devconsole-project.
[error] 
[error] Error: Assertion failed: resolving hosting target of a site with no site name or target name. This should have caused an error earlier
